<?xml version="1.0" encoding="UTF-8"?>
<testsuite name="StudentMockTest2" tests="1" skipped="0" failures="0" errors="0" timestamp="2022-04-20T08:49:46" hostname="NF-20HW-NB00027" time="0.565">
  <properties/>
  <testcase name="say_mockito()" classname="StudentMockTest2" time="0.565"/>
  <system-out><![CDATA[]]></system-out>
  <system-err><![CDATA[]]></system-err>
</testsuite>
