<?xml version="1.0" encoding="UTF-8"?>
<testsuite name="StudentTest" tests="2" skipped="0" failures="0" errors="0" timestamp="2022-04-20T05:28:28" hostname="NF-20HW-NB00027" time="0.026">
  <properties/>
  <testcase name="sayBoy()" classname="StudentTest" time="0.024"/>
  <testcase name="sayGirl()" classname="StudentTest" time="0.002"/>
  <system-out><![CDATA[]]></system-out>
  <system-err><![CDATA[]]></system-err>
</testsuite>
