<?xml version="1.0" encoding="UTF-8"?>
<testsuite name="StudentMockTest" tests="1" skipped="0" failures="0" errors="0" timestamp="2022-04-20T07:43:49" hostname="NF-20HW-NB00027" time="0.021">
  <properties/>
  <testcase name="say()" classname="StudentMockTest" time="0.021"/>
  <system-out><![CDATA[]]></system-out>
  <system-err><![CDATA[]]></system-err>
</testsuite>
