<?xml version="1.0" encoding="UTF-8"?>
<testsuite name="MathTestBefore" tests="1" skipped="0" failures="0" errors="0" timestamp="2022-04-20T03:54:38" hostname="NF-20HW-NB00027" time="0.017">
  <properties/>
  <testcase name="addTest()" classname="MathTestBefore" time="0.017"/>
  <system-out><![CDATA[]]></system-out>
  <system-err><![CDATA[]]></system-err>
</testsuite>
